2025-11-05 14:31:33 - app - INFO - Database initialized successfully
2025-11-05 14:31:33 - app - INFO - CyberGuard Pro application started
2025-11-05 14:36:56 - app - INFO - User logged in: admin
2025-11-05 14:43:49 - app - INFO - Database initialized successfully
2025-11-05 14:43:49 - app - INFO - CyberGuard Pro application started
2025-11-05 14:44:27 - app - INFO - User logged in: admin
2025-11-05 14:45:17 - app - INFO - Database initialized successfully
2025-11-05 14:45:17 - app - INFO - CyberGuard Pro application started
2025-11-05 14:57:19 - app - INFO - Database initialized successfully
2025-11-05 14:57:19 - app - INFO - CyberGuard Pro application started
2025-11-05 14:57:51 - app - INFO - Database initialized successfully
2025-11-05 14:57:51 - app - INFO - CyberGuard Pro application started
2025-11-05 14:58:33 - app - INFO - User logged in: admin
2025-11-05 15:00:11 - app - INFO - Database initialized successfully
2025-11-05 15:00:11 - app - INFO - CyberGuard Pro application started
2025-11-05 15:00:19 - app - INFO - User logged in: admin
2025-11-05 15:00:42 - app - INFO - Database initialized successfully
2025-11-05 15:00:42 - app - INFO - CyberGuard Pro application started
2025-11-05 15:00:51 - app - INFO - User logged in: admin
2025-11-05 15:01:13 - app - INFO - Database initialized successfully
2025-11-05 15:01:13 - app - INFO - CyberGuard Pro application started
2025-11-05 15:01:22 - app - INFO - User logged in: admin
2025-11-05 15:01:47 - app - INFO - Database initialized successfully
2025-11-05 15:01:47 - app - INFO - CyberGuard Pro application started
2025-11-05 15:01:53 - app - INFO - User logged in: admin
2025-11-05 15:03:07 - app - INFO - Database initialized successfully
2025-11-05 15:03:07 - app - INFO - CyberGuard Pro application started
2025-11-05 15:03:15 - app - INFO - User logged in: admin
2025-11-05 15:04:06 - app - INFO - Database initialized successfully
2025-11-05 15:04:06 - app - INFO - CyberGuard Pro application started
2025-11-05 15:04:29 - app - INFO - Database initialized successfully
2025-11-05 15:04:29 - app - INFO - CyberGuard Pro application started
2025-11-05 15:04:37 - app - INFO - User logged in: admin
2025-11-05 15:09:02 - app - INFO - Database initialized successfully
2025-11-05 15:09:02 - app - INFO - CyberGuard Pro application started
2025-11-05 15:12:09 - app - INFO - User logged in: admin
2025-11-05 15:19:36 - app - INFO - Database initialized successfully
2025-11-05 15:19:36 - app - INFO - CyberGuard Pro application started
2025-11-05 15:19:50 - app - INFO - User logged in: admin
2025-11-05 15:21:42 - app - INFO - Database initialized successfully
2025-11-05 15:21:42 - app - INFO - CyberGuard Pro application started
2025-11-05 15:21:51 - app - INFO - User logged in: admin
2025-11-05 15:25:49 - app - INFO - Database initialized successfully
2025-11-05 15:25:49 - app - INFO - CyberGuard Pro application started
2025-11-05 15:26:01 - app - INFO - User logged in: admin
2025-11-05 20:35:41 - app - INFO - Database initialized successfully
2025-11-05 20:35:41 - app - INFO - CyberGuard Pro application started
2025-11-05 20:36:33 - app - INFO - Database initialized successfully
2025-11-05 20:36:33 - app - INFO - CyberGuard Pro application started
2025-11-05 20:36:47 - app - INFO - User logged in: admin
2025-11-05 20:57:01 - app - INFO - Database initialized successfully
2025-11-05 20:57:01 - app - INFO - CyberGuard Pro application started
2025-11-05 20:57:57 - app - INFO - User logged in: admin
2025-11-05 21:05:05 - app - INFO - Database initialized successfully
2025-11-05 21:05:05 - app - INFO - CyberGuard Pro application started
2025-11-05 21:05:15 - app - INFO - User logged in: admin
2025-11-05 21:06:22 - app - INFO - Database initialized successfully
2025-11-05 21:06:22 - app - INFO - CyberGuard Pro application started
2025-11-05 21:06:29 - app - INFO - User logged in: admin
2025-11-05 21:09:14 - app - INFO - Database initialized successfully
2025-11-05 21:09:14 - app - INFO - CyberGuard Pro application started
2025-11-05 21:09:29 - app - INFO - User logged in: admin
2025-11-05 21:13:54 - app - INFO - Database initialized successfully
2025-11-05 21:13:54 - app - INFO - CyberGuard Pro application started
2025-11-05 21:14:03 - app - INFO - User logged in: admin
2025-11-05 21:14:39 - app - INFO - Database initialized successfully
2025-11-05 21:14:39 - app - INFO - CyberGuard Pro application started
2025-11-05 21:16:09 - app - INFO - Database initialized successfully
2025-11-05 21:16:09 - app - INFO - CyberGuard Pro application started
2025-11-05 21:16:17 - app - INFO - User logged in: admin
2025-11-05 21:24:51 - app - INFO - Database initialized successfully
2025-11-05 21:24:51 - app - INFO - CyberGuard Pro application started
2025-11-05 21:25:01 - app - INFO - User logged in: admin
2025-11-05 21:32:05 - app - INFO - Database initialized successfully
2025-11-05 21:32:05 - app - INFO - CyberGuard Pro application started
2025-11-05 21:32:15 - app - INFO - User logged in: admin
2025-11-05 21:37:37 - app - INFO - Database initialized successfully
2025-11-05 21:37:37 - app - INFO - CyberGuard Pro application started
2025-11-05 21:37:52 - app - INFO - User logged in: admin
2025-11-05 21:54:22 - app - INFO - Database initialized successfully
2025-11-05 21:54:22 - app - INFO - CyberGuard Pro application started
2025-11-05 21:57:11 - app - INFO - Database initialized successfully
2025-11-05 21:57:11 - app - INFO - CyberGuard Pro application started
2025-11-05 21:57:47 - app - INFO - User logged in: admin
2025-11-05 21:58:33 - app - INFO - Database initialized successfully
2025-11-05 21:58:33 - app - INFO - CyberGuard Pro application started
2025-11-05 21:58:58 - app - INFO - Database initialized successfully
2025-11-05 21:58:58 - app - INFO - CyberGuard Pro application started
2025-11-05 21:59:29 - app - INFO - Database initialized successfully
2025-11-05 21:59:29 - app - INFO - CyberGuard Pro application started
2025-11-05 22:00:23 - app - INFO - Database initialized successfully
2025-11-05 22:00:23 - app - INFO - CyberGuard Pro application started
2025-11-05 22:01:33 - app - INFO - Database initialized successfully
2025-11-05 22:01:33 - app - INFO - CyberGuard Pro application started
2025-11-05 22:02:31 - app - INFO - Database initialized successfully
2025-11-05 22:02:31 - app - INFO - CyberGuard Pro application started
2025-11-05 22:05:23 - app - INFO - Database initialized successfully
2025-11-05 22:05:23 - app - INFO - CyberGuard Pro application started
2025-11-05 22:08:18 - app - INFO - Database initialized successfully
2025-11-05 22:08:18 - app - INFO - CyberGuard Pro application started
2025-11-05 22:09:33 - app - INFO - Database initialized successfully
2025-11-05 22:09:33 - app - INFO - CyberGuard Pro application started
2025-11-05 22:10:10 - app - INFO - Database initialized successfully
2025-11-05 22:10:10 - app - INFO - CyberGuard Pro application started
2025-11-05 22:12:20 - app - INFO - Database initialized successfully
2025-11-05 22:12:20 - app - INFO - CyberGuard Pro application started
2025-11-05 22:12:33 - app - INFO - Database initialized successfully
2025-11-05 22:12:33 - app - INFO - CyberGuard Pro application started
2025-11-05 22:14:00 - app - INFO - Database initialized successfully
2025-11-05 22:14:00 - app - INFO - CyberGuard Pro application started
2025-11-05 22:15:10 - app - INFO - Database initialized successfully
2025-11-05 22:15:10 - app - INFO - CyberGuard Pro application started
2025-11-05 22:16:16 - app - INFO - Database initialized successfully
2025-11-05 22:16:16 - app - INFO - CyberGuard Pro application started
2025-11-05 22:16:37 - app - INFO - Database initialized successfully
2025-11-05 22:16:37 - app - INFO - CyberGuard Pro application started
2025-11-05 22:16:55 - app - INFO - Database initialized successfully
2025-11-05 22:16:55 - app - INFO - CyberGuard Pro application started
2025-11-05 22:17:07 - app - INFO - Database initialized successfully
2025-11-05 22:17:07 - app - INFO - CyberGuard Pro application started
2025-11-05 22:17:54 - app - INFO - Database initialized successfully
2025-11-05 22:17:54 - app - INFO - CyberGuard Pro application started
2025-11-05 22:18:25 - app - INFO - Database initialized successfully
2025-11-05 22:18:25 - app - INFO - CyberGuard Pro application started
2025-11-05 22:18:45 - app - INFO - Database initialized successfully
2025-11-05 22:18:45 - app - INFO - CyberGuard Pro application started
2025-11-05 22:19:29 - app - INFO - Database initialized successfully
2025-11-05 22:19:29 - app - INFO - CyberGuard Pro application started
2025-11-05 22:19:47 - app - INFO - Database initialized successfully
2025-11-05 22:19:47 - app - INFO - CyberGuard Pro application started
2025-11-05 22:19:55 - app - INFO - Database initialized successfully
2025-11-05 22:19:55 - app - INFO - CyberGuard Pro application started
2025-11-05 22:20:24 - app - INFO - Database initialized successfully
2025-11-05 22:20:24 - app - INFO - CyberGuard Pro application started
2025-11-05 22:20:33 - app - INFO - Database initialized successfully
2025-11-05 22:20:33 - app - INFO - CyberGuard Pro application started
2025-11-05 22:21:12 - app - INFO - Database initialized successfully
2025-11-05 22:21:12 - app - INFO - CyberGuard Pro application started
2025-11-05 22:27:13 - app - INFO - Database initialized successfully
2025-11-05 22:27:13 - app - INFO - CyberGuard Pro application started
2025-11-05 22:27:27 - app - INFO - User logged in: admin
2025-11-05 22:29:47 - app - INFO - Database initialized successfully
2025-11-05 22:29:47 - app - INFO - CyberGuard Pro application started
2025-11-05 22:30:57 - app - INFO - Database initialized successfully
2025-11-05 22:30:57 - app - INFO - CyberGuard Pro application started
2025-11-05 22:31:12 - app - INFO - User logged in: admin
2025-11-05 22:32:56 - app - INFO - Database initialized successfully
2025-11-05 22:32:56 - app - INFO - CyberGuard Pro application started
2025-11-05 22:34:25 - app - INFO - User logged in: admin
2025-11-05 22:45:17 - app - INFO - Database initialized successfully
2025-11-05 22:45:17 - app - INFO - CyberGuard Pro application started
2025-11-05 22:45:28 - app - INFO - User logged in: admin
2025-11-05 22:49:25 - app - INFO - Database initialized successfully
2025-11-05 22:49:25 - app - INFO - CyberGuard Pro application started
2025-11-05 22:50:03 - app - INFO - User logged in: admin
2025-11-06 02:50:08 - app - INFO - Database initialized successfully
2025-11-06 02:50:08 - app - INFO - CyberGuard Pro application started
2025-11-06 02:50:36 - app - INFO - Database initialized successfully
2025-11-06 02:50:36 - app - INFO - CyberGuard Pro application started
2025-11-06 02:50:49 - app - INFO - User logged in: admin
2025-11-06 03:13:53 - app - INFO - Database initialized successfully
2025-11-06 03:13:53 - app - INFO - CyberGuard Pro application started
2025-11-06 03:13:59 - app - INFO - User logged in: admin
2025-11-06 22:12:18 - app - INFO - Database initialized successfully
2025-11-06 22:12:18 - app - INFO - CyberGuard Pro application started
2025-11-06 22:12:24 - app - INFO - User logged in: admin
2025-11-07 21:38:29 - app - INFO - Real-Time Protection initialized
2025-11-07 21:38:30 - app - INFO - Database initialized successfully
2025-11-07 21:38:30 - app - INFO - CyberGuard Pro application started
2025-11-07 21:38:41 - app - INFO - User logged in: admin
2025-11-07 21:38:43 - app - ERROR - PIL or Tesseract OCR not available for Real-Time Protection
2025-11-07 21:39:24 - app - INFO - Real-Time Protection initialized
2025-11-07 21:44:03 - app - INFO - Real-Time Protection initialized
2025-11-07 21:46:07 - app - INFO - Real-Time Protection initialized
2025-11-07 21:46:07 - app - INFO - Database initialized successfully
2025-11-07 21:46:07 - app - INFO - CyberGuard Pro application started
2025-11-07 21:46:14 - app - INFO - User logged in: admin
2025-11-07 21:46:15 - app - INFO - Real-Time Protection started
2025-11-07 21:46:15 - app - ERROR - OCR extraction error: tesseract is not installed or it's not in your PATH. See README file for more information.
2025-11-07 21:46:18 - app - ERROR - OCR extraction error: tesseract is not installed or it's not in your PATH. See README file for more information.
2025-11-07 21:46:21 - app - ERROR - OCR extraction error: tesseract is not installed or it's not in your PATH. See README file for more information.
2025-11-07 21:46:24 - app - ERROR - OCR extraction error: tesseract is not installed or it's not in your PATH. See README file for more information.
2025-11-07 21:46:27 - app - ERROR - OCR extraction error: tesseract is not installed or it's not in your PATH. See README file for more information.
2025-11-07 21:46:30 - app - ERROR - OCR extraction error: tesseract is not installed or it's not in your PATH. See README file for more information.
2025-11-07 21:46:33 - app - ERROR - OCR extraction error: tesseract is not installed or it's not in your PATH. See README file for more information.
2025-11-07 21:46:36 - app - ERROR - OCR extraction error: tesseract is not installed or it's not in your PATH. See README file for more information.
2025-11-07 21:46:39 - app - ERROR - OCR extraction error: tesseract is not installed or it's not in your PATH. See README file for more information.
2025-11-07 21:46:42 - app - ERROR - OCR extraction error: tesseract is not installed or it's not in your PATH. See README file for more information.
2025-11-07 21:46:45 - app - ERROR - OCR extraction error: tesseract is not installed or it's not in your PATH. See README file for more information.
2025-11-07 21:46:48 - app - ERROR - OCR extraction error: tesseract is not installed or it's not in your PATH. See README file for more information.
2025-11-07 21:46:51 - app - ERROR - OCR extraction error: tesseract is not installed or it's not in your PATH. See README file for more information.
2025-11-07 21:46:54 - app - ERROR - OCR extraction error: tesseract is not installed or it's not in your PATH. See README file for more information.
2025-11-07 21:46:57 - app - ERROR - OCR extraction error: tesseract is not installed or it's not in your PATH. See README file for more information.
2025-11-07 21:47:00 - app - ERROR - OCR extraction error: tesseract is not installed or it's not in your PATH. See README file for more information.
2025-11-07 21:47:03 - app - ERROR - OCR extraction error: tesseract is not installed or it's not in your PATH. See README file for more information.
2025-11-07 21:47:06 - app - ERROR - OCR extraction error: tesseract is not installed or it's not in your PATH. See README file for more information.
2025-11-07 21:47:09 - app - ERROR - OCR extraction error: tesseract is not installed or it's not in your PATH. See README file for more information.
2025-11-07 21:47:12 - app - ERROR - OCR extraction error: tesseract is not installed or it's not in your PATH. See README file for more information.
2025-11-07 21:47:15 - app - ERROR - OCR extraction error: tesseract is not installed or it's not in your PATH. See README file for more information.
2025-11-07 21:47:18 - app - ERROR - OCR extraction error: tesseract is not installed or it's not in your PATH. See README file for more information.
2025-11-07 21:47:21 - app - ERROR - OCR extraction error: tesseract is not installed or it's not in your PATH. See README file for more information.
2025-11-07 21:47:24 - app - ERROR - OCR extraction error: tesseract is not installed or it's not in your PATH. See README file for more information.
2025-11-07 21:47:27 - app - INFO - Real-Time Protection stopped. Scans: 0, Threats: 0
2025-11-07 21:54:06 - app - INFO - Real-Time Protection initialized
2025-11-07 21:56:51 - app - INFO - Real-Time Protection initialized
2025-11-07 21:58:06 - app - INFO - Real-Time Protection initialized
2025-11-07 22:07:19 - app - INFO - Real-Time Protection initialized
2025-11-07 22:07:50 - app - INFO - Real-Time Protection initialized
2025-11-07 22:08:51 - app - INFO - Real-Time Protection initialized
2025-11-07 22:08:51 - app - INFO - Database initialized successfully
2025-11-07 22:08:51 - app - INFO - CyberGuard Pro application started
2025-11-07 22:09:01 - app - INFO - User logged in: admin
2025-11-07 22:09:03 - app - ERROR - pytesseract module not available for Real-Time Protection
2025-11-07 22:10:25 - app - ERROR - pytesseract module not available for Real-Time Protection
2025-11-07 22:50:55 - app - INFO - Real-Time Protection initialized
2025-11-07 22:50:55 - app - INFO - Database initialized successfully
2025-11-07 22:50:55 - app - INFO - CyberGuard Pro application started
2025-11-07 22:51:05 - app - INFO - User logged in: admin
2025-11-07 22:51:07 - app - INFO - Real-Time Protection started
2025-11-07 22:51:50 - app - ERROR - Threat callback error: QMetaObject.invokeMethod() call failed
2025-11-07 22:52:58 - app - ERROR - Threat callback error: QMetaObject.invokeMethod() call failed
2025-11-07 22:53:07 - app - ERROR - Threat callback error: QMetaObject.invokeMethod() call failed
2025-11-07 22:53:10 - app - ERROR - Threat callback error: QMetaObject.invokeMethod() call failed
2025-11-07 22:53:24 - app - ERROR - Threat callback error: QMetaObject.invokeMethod() call failed
2025-11-07 22:53:34 - app - INFO - Real-Time Protection stopped. Scans: 49, Threats: 5
2025-11-07 23:03:53 - app - INFO - Real-Time Protection initialized
2025-11-07 23:03:53 - app - INFO - Database initialized successfully
2025-11-07 23:03:53 - app - INFO - CyberGuard Pro application started
2025-11-07 23:04:00 - app - INFO - User logged in: admin
2025-11-07 23:04:01 - app - ERROR - pytesseract module not available for Real-Time Protection
2025-11-07 23:05:30 - app - INFO - Real-Time Protection initialized
2025-11-07 23:05:38 - app - INFO - Real-Time Protection initialized
2025-11-07 23:05:44 - app - INFO - Real-Time Protection initialized
2025-11-07 23:07:04 - app - INFO - Real-Time Protection initialized
2025-11-07 23:07:04 - app - INFO - Database initialized successfully
2025-11-07 23:07:04 - app - INFO - CyberGuard Pro application started
2025-11-07 23:07:11 - app - INFO - User logged in: admin
2025-11-07 23:07:12 - app - INFO - Real-Time Protection started
2025-11-07 23:07:35 - app - ERROR - Threat callback error: QMetaObject.invokeMethod() call failed
2025-11-07 23:08:11 - app - ERROR - Threat callback error: QMetaObject.invokeMethod() call failed
2025-11-07 23:08:22 - app - ERROR - Threat callback error: QMetaObject.invokeMethod() call failed
2025-11-07 23:08:38 - app - ERROR - Threat callback error: QMetaObject.invokeMethod() call failed
2025-11-07 23:08:45 - app - INFO - Real-Time Protection stopped. Scans: 31, Threats: 4
2025-11-07 23:08:52 - app - INFO - Real-Time Protection initialized
2025-11-07 23:09:23 - app - INFO - Real-Time Protection initialized
2025-11-07 23:09:23 - app - INFO - Database initialized successfully
2025-11-07 23:09:23 - app - INFO - CyberGuard Pro application started
2025-11-07 23:09:30 - app - INFO - User logged in: admin
2025-11-07 23:09:32 - app - INFO - Real-Time Protection started
2025-11-07 23:15:14 - app - INFO - Real-Time Protection stopped. Scans: 114, Threats: 3
2025-11-07 23:19:41 - app - INFO - Real-Time Protection initialized
2025-11-07 23:19:41 - app - INFO - Database initialized successfully
2025-11-07 23:19:41 - app - INFO - CyberGuard Pro application started
2025-11-07 23:19:46 - app - INFO - User logged in: admin
2025-11-07 23:19:47 - app - ERROR - pytesseract module not available for Real-Time Protection
2025-11-07 23:20:08 - app - INFO - Real-Time Protection initialized
2025-11-07 23:20:08 - app - INFO - Database initialized successfully
2025-11-07 23:20:08 - app - INFO - CyberGuard Pro application started
2025-11-07 23:20:11 - app - INFO - User logged in: admin
2025-11-07 23:20:13 - app - INFO - Real-Time Protection started
2025-11-07 23:21:01 - app - INFO - Real-Time Protection stopped. Scans: 16, Threats: 2
2025-11-07 23:35:28 - app - INFO - Real-Time Protection initialized
2025-11-07 23:35:28 - app - INFO - Database initialized successfully
2025-11-07 23:35:28 - app - INFO - CyberGuard Pro application started
2025-11-07 23:35:32 - app - INFO - User logged in: admin
2025-11-07 23:35:34 - app - INFO - Real-Time Protection started
2025-11-07 23:38:43 - app - INFO - Real-Time Protection stopped. Scans: 63, Threats: 1
2025-11-07 23:38:51 - app - INFO - Real-Time Protection initialized
2025-11-07 23:38:51 - app - INFO - Database initialized successfully
2025-11-07 23:38:51 - app - INFO - CyberGuard Pro application started
2025-11-07 23:38:56 - app - INFO - User logged in: admin
2025-11-07 23:38:58 - app - INFO - Real-Time Protection started
2025-11-07 23:39:16 - app - INFO - Real-Time Protection stopped. Scans: 6, Threats: 1
2025-11-07 23:56:47 - app - INFO - Real-Time Protection initialized
2025-11-07 23:56:47 - app - INFO - Database initialized successfully
2025-11-07 23:56:47 - app - INFO - CyberGuard Pro application started
2025-11-08 00:09:19 - app - INFO - User logged in: admin
2025-11-08 00:09:21 - app - INFO - Real-Time Protection started
2025-11-08 00:09:45 - app - INFO - Real-Time Protection stopped. Scans: 8, Threats: 1
2025-11-08 00:18:02 - app - INFO - Real-Time Protection initialized
2025-11-08 00:18:02 - app - INFO - Database initialized successfully
2025-11-08 00:18:02 - app - INFO - CyberGuard Pro application started
2025-11-08 00:18:13 - app - INFO - User logged in: admin
2025-11-08 00:18:15 - app - INFO - Real-Time Protection started
2025-11-08 00:19:00 - app - INFO - Real-Time Protection stopped. Scans: 15, Threats: 2
2025-11-08 01:19:23 - app - INFO - Real-Time Protection initialized
2025-11-08 01:19:23 - app - INFO - Database initialized successfully
2025-11-08 01:19:23 - app - INFO - CyberGuard Pro application started
2025-11-08 01:19:30 - app - INFO - User logged in: admin
2025-11-08 01:19:32 - app - INFO - Real-Time Protection started
2025-11-08 01:20:03 - app - INFO - Real-Time Protection stopped. Scans: 10, Threats: 2
2025-11-08 13:07:43 - app - INFO - Real-Time Protection initialized
2025-11-08 13:07:43 - app - INFO - Database initialized successfully
2025-11-08 13:07:43 - app - INFO - CyberGuard Pro application started
2025-11-08 13:07:49 - app - INFO - User logged in: admin
2025-11-08 13:08:47 - app - INFO - Real-Time Protection initialized
2025-11-08 13:08:47 - app - INFO - Database initialized successfully
2025-11-08 13:08:47 - app - INFO - CyberGuard Pro application started
2025-11-08 13:09:32 - app - INFO - Real-Time Protection initialized
2025-11-08 13:09:32 - app - INFO - Database initialized successfully
2025-11-08 13:09:32 - app - INFO - CyberGuard Pro application started
2025-11-08 13:09:38 - app - INFO - User logged in: admin
2025-11-08 13:09:44 - app - ERROR - pytesseract module not available for Real-Time Protection
2025-11-08 13:10:36 - app - INFO - Real-Time Protection initialized
2025-11-08 13:10:36 - app - INFO - Database initialized successfully
2025-11-08 13:10:36 - app - INFO - CyberGuard Pro application started
2025-11-08 13:10:54 - app - INFO - User logged in: admin
2025-11-08 13:10:56 - app - INFO - Real-Time Protection started
2025-11-08 13:11:41 - app - INFO - Real-Time Protection stopped. Scans: 15, Threats: 2
2025-11-08 21:55:03 - app - INFO - Real-Time Protection initialized
2025-11-08 21:55:03 - app - INFO - Database initialized successfully
2025-11-08 21:55:03 - app - INFO - CyberGuard Pro application started
2025-11-08 21:56:05 - app - INFO - Real-Time Protection initialized
2025-11-08 21:56:05 - app - INFO - Database initialized successfully
2025-11-08 21:56:05 - app - INFO - CyberGuard Pro application started
2025-11-08 22:02:34 - app - INFO - Real-Time Protection initialized
2025-11-08 22:02:34 - app - INFO - Database initialized successfully
2025-11-08 22:02:34 - app - INFO - CyberGuard Pro application started
2025-11-08 22:09:14 - app - INFO - Real-Time Protection initialized
2025-11-08 22:09:14 - app - INFO - Database initialized successfully
2025-11-08 22:09:14 - app - INFO - CyberGuard Pro application started
2025-11-08 22:10:17 - app - INFO - Real-Time Protection initialized
2025-11-08 22:10:17 - app - INFO - Database initialized successfully
2025-11-08 22:10:17 - app - INFO - CyberGuard Pro application started
2025-11-08 22:11:00 - app - INFO - Real-Time Protection initialized
2025-11-08 22:11:00 - app - INFO - Database initialized successfully
2025-11-08 22:11:00 - app - INFO - CyberGuard Pro application started
2025-11-08 22:11:18 - app - INFO - Real-Time Protection initialized
2025-11-08 22:11:18 - app - INFO - Database initialized successfully
2025-11-08 22:11:18 - app - INFO - CyberGuard Pro application started
2025-11-08 22:11:37 - app - INFO - Real-Time Protection initialized
2025-11-08 22:11:37 - app - INFO - Database initialized successfully
2025-11-08 22:11:37 - app - INFO - CyberGuard Pro application started
2025-11-08 22:13:03 - app - INFO - Real-Time Protection initialized
2025-11-08 22:13:03 - app - INFO - Database initialized successfully
2025-11-08 22:13:03 - app - INFO - CyberGuard Pro application started
2025-11-08 22:14:16 - app - INFO - Real-Time Protection initialized
2025-11-08 22:14:16 - app - INFO - Database initialized successfully
2025-11-08 22:14:16 - app - INFO - CyberGuard Pro application started
2025-11-08 22:14:36 - app - INFO - Real-Time Protection initialized
2025-11-08 22:14:36 - app - INFO - Database initialized successfully
2025-11-08 22:14:36 - app - INFO - CyberGuard Pro application started
2025-11-08 22:14:58 - app - INFO - Real-Time Protection initialized
2025-11-08 22:14:58 - app - INFO - Database initialized successfully
2025-11-08 22:14:58 - app - INFO - CyberGuard Pro application started
2025-11-08 22:15:25 - app - INFO - Real-Time Protection initialized
2025-11-08 22:15:25 - app - INFO - Database initialized successfully
2025-11-08 22:15:25 - app - INFO - CyberGuard Pro application started
2025-11-08 22:15:38 - app - INFO - Real-Time Protection initialized
2025-11-08 22:15:38 - app - INFO - Database initialized successfully
2025-11-08 22:15:38 - app - INFO - CyberGuard Pro application started
2025-11-08 22:15:48 - app - INFO - Real-Time Protection initialized
2025-11-08 22:15:48 - app - INFO - Database initialized successfully
2025-11-08 22:15:48 - app - INFO - CyberGuard Pro application started
2025-11-08 22:16:04 - app - INFO - Real-Time Protection initialized
2025-11-08 22:16:04 - app - INFO - Database initialized successfully
2025-11-08 22:16:04 - app - INFO - CyberGuard Pro application started
2025-11-08 22:16:12 - app - INFO - Real-Time Protection initialized
2025-11-08 22:16:12 - app - INFO - Database initialized successfully
2025-11-08 22:16:12 - app - INFO - CyberGuard Pro application started
2025-11-08 22:16:52 - app - INFO - Real-Time Protection initialized
2025-11-08 22:16:52 - app - INFO - Database initialized successfully
2025-11-08 22:16:52 - app - INFO - CyberGuard Pro application started
2025-11-08 22:17:44 - app - INFO - Real-Time Protection initialized
2025-11-08 22:17:44 - app - INFO - Database initialized successfully
2025-11-08 22:17:44 - app - INFO - CyberGuard Pro application started
2025-11-08 22:18:44 - app - INFO - Real-Time Protection initialized
2025-11-08 22:18:44 - app - INFO - Database initialized successfully
2025-11-08 22:18:44 - app - INFO - CyberGuard Pro application started
2025-11-08 22:19:11 - app - INFO - Real-Time Protection initialized
2025-11-08 22:19:11 - app - INFO - Database initialized successfully
2025-11-08 22:19:11 - app - INFO - CyberGuard Pro application started
2025-11-08 22:21:18 - app - INFO - Real-Time Protection initialized
2025-11-08 22:21:18 - app - INFO - Database initialized successfully
2025-11-08 22:21:18 - app - INFO - CyberGuard Pro application started
2025-11-08 22:21:52 - app - INFO - Real-Time Protection initialized
2025-11-08 22:21:52 - app - INFO - Database initialized successfully
2025-11-08 22:21:52 - app - INFO - CyberGuard Pro application started
2025-11-08 22:22:23 - app - INFO - Real-Time Protection initialized
2025-11-08 22:22:23 - app - INFO - Database initialized successfully
2025-11-08 22:22:23 - app - INFO - CyberGuard Pro application started
2025-11-08 22:37:44 - app - INFO - Real-Time Protection initialized
2025-11-08 22:37:44 - app - INFO - Database initialized successfully
2025-11-08 22:37:44 - app - INFO - CyberGuard Pro application started
2025-11-08 22:48:01 - app - INFO - Real-Time Protection initialized
2025-11-08 22:48:01 - app - INFO - Database initialized successfully
2025-11-08 22:48:01 - app - INFO - CyberGuard Pro application started
2025-11-08 22:48:20 - app - INFO - User logged in: admin
2025-11-08 23:00:06 - app - INFO - Real-Time Protection initialized
2025-11-08 23:00:06 - app - INFO - Database initialized successfully
2025-11-08 23:00:06 - app - INFO - CyberGuard Pro application started
2025-11-08 23:00:12 - app - INFO - User logged in: admin
2025-11-08 23:03:55 - app - INFO - Real-Time Protection initialized
2025-11-08 23:03:55 - app - INFO - Database initialized successfully
2025-11-08 23:03:55 - app - INFO - CyberGuard Pro application started
2025-11-08 23:04:13 - app - INFO - User logged in: admin
2025-11-08 23:04:47 - app - INFO - Real-Time Protection initialized
2025-11-08 23:04:47 - app - INFO - Database initialized successfully
2025-11-08 23:04:47 - app - INFO - CyberGuard Pro application started
2025-11-08 23:05:01 - app - INFO - User logged in: admin
2025-11-08 23:09:48 - app - INFO - Real-Time Protection initialized
2025-11-08 23:09:48 - app - INFO - Database initialized successfully
2025-11-08 23:09:48 - app - INFO - CyberGuard Pro application started
2025-11-08 23:09:54 - app - INFO - User logged in: admin
2025-11-08 23:10:45 - app - INFO - Real-Time Protection initialized
2025-11-08 23:10:45 - app - INFO - Database initialized successfully
2025-11-08 23:10:45 - app - INFO - CyberGuard Pro application started
2025-11-08 23:10:58 - app - INFO - User logged in: admin
2025-11-08 23:15:35 - app - INFO - Real-Time Protection initialized
2025-11-08 23:15:35 - app - INFO - Database initialized successfully
2025-11-08 23:15:35 - app - INFO - CyberGuard Pro application started
2025-11-08 23:15:39 - app - INFO - User logged in: admin
2025-11-08 23:20:55 - app - INFO - Real-Time Protection initialized
2025-11-08 23:20:55 - app - INFO - Database initialized successfully
2025-11-08 23:20:55 - app - INFO - CyberGuard Pro application started
2025-11-08 23:21:00 - app - INFO - User logged in: admin
2025-11-08 23:23:30 - app - INFO - Real-Time Protection initialized
2025-11-08 23:23:30 - app - INFO - Database initialized successfully
2025-11-08 23:23:30 - app - INFO - CyberGuard Pro application started
2025-11-08 23:23:35 - app - INFO - User logged in: admin
2025-11-08 23:25:15 - app - INFO - Real-Time Protection initialized
2025-11-08 23:25:15 - app - INFO - Database initialized successfully
2025-11-08 23:25:15 - app - INFO - CyberGuard Pro application started
2025-11-08 23:25:31 - app - INFO - User logged in: admin
2025-11-08 23:26:28 - app - INFO - Real-Time Protection initialized
2025-11-08 23:26:28 - app - INFO - Database initialized successfully
2025-11-08 23:26:28 - app - INFO - CyberGuard Pro application started
2025-11-08 23:26:34 - app - INFO - User logged in: admin
2025-11-09 00:22:51 - app - INFO - Real-Time Protection initialized
2025-11-09 00:22:51 - app - INFO - Database initialized successfully
2025-11-09 00:22:51 - app - INFO - CyberGuard Pro application started
2025-11-09 00:22:57 - app - INFO - User logged in: admin
2025-11-09 00:24:09 - app - INFO - Real-Time Protection initialized
2025-11-09 00:24:09 - app - INFO - Database initialized successfully
2025-11-09 00:24:09 - app - INFO - CyberGuard Pro application started
2025-11-09 00:24:20 - app - INFO - User logged in: admin
2025-11-20 15:05:17 - app - INFO - Real-Time Protection initialized
2025-11-20 15:05:17 - app - INFO - Database initialized successfully
2025-11-20 15:05:17 - app - INFO - CyberGuard Pro application started
2025-11-20 15:05:33 - app - INFO - User logged in: admin
2025-11-20 15:28:07 - app - INFO - Real-Time Protection initialized
2025-11-20 15:28:07 - app - INFO - Database initialized successfully
2025-11-20 15:28:07 - app - INFO - CyberGuard Pro application started
2025-11-20 15:28:17 - app - INFO - User logged in: admin
2025-11-20 15:32:42 - app - INFO - Real-Time Protection initialized
2025-11-20 15:32:42 - app - INFO - Database initialized successfully
2025-11-20 15:32:42 - app - INFO - CyberGuard Pro application started
2025-11-20 15:38:21 - app - INFO - Real-Time Protection initialized
2025-11-20 15:38:21 - app - INFO - Database initialized successfully
2025-11-20 15:38:21 - app - INFO - CyberGuard Pro application started
2025-11-20 15:39:50 - app - INFO - Real-Time Protection initialized
2025-11-20 15:39:50 - app - INFO - Database initialized successfully
2025-11-20 15:39:50 - app - INFO - CyberGuard Pro application started
2025-11-20 15:45:00 - app - INFO - Real-Time Protection initialized
2025-11-20 15:45:00 - app - INFO - Database initialized successfully
2025-11-20 15:45:00 - app - INFO - CyberGuard Pro application started
2025-11-20 15:45:24 - app - INFO - User logged in: admin
2025-11-20 15:47:30 - app - INFO - Real-Time Protection initialized
2025-11-20 15:47:30 - app - INFO - Database initialized successfully
2025-11-20 15:47:30 - app - INFO - CyberGuard Pro application started
2025-11-20 15:48:31 - app - INFO - Real-Time Protection initialized
2025-11-20 15:48:31 - app - INFO - Database initialized successfully
2025-11-20 15:48:31 - app - INFO - CyberGuard Pro application started
2025-11-20 15:54:45 - app - INFO - Real-Time Protection initialized
2025-11-20 15:54:45 - app - INFO - Database initialized successfully
2025-11-20 15:54:45 - app - INFO - CyberGuard Pro application started
2025-11-20 15:55:15 - app - INFO - Real-Time Protection initialized
2025-11-20 15:55:15 - app - INFO - Database initialized successfully
2025-11-20 15:55:15 - app - INFO - CyberGuard Pro application started
2025-11-20 15:55:35 - app - INFO - Real-Time Protection initialized
2025-11-20 15:55:35 - app - INFO - Database initialized successfully
2025-11-20 15:55:35 - app - INFO - CyberGuard Pro application started
2025-11-20 15:55:49 - app - INFO - Real-Time Protection initialized
2025-11-20 15:55:49 - app - INFO - Database initialized successfully
2025-11-20 15:55:49 - app - INFO - CyberGuard Pro application started
2025-11-20 15:58:58 - app - INFO - Real-Time Protection initialized
2025-11-20 15:58:58 - app - INFO - Database initialized successfully
2025-11-20 15:58:58 - app - INFO - CyberGuard Pro application started
2025-11-20 16:02:54 - app - INFO - Real-Time Protection initialized
2025-11-20 16:02:54 - app - INFO - Database initialized successfully
2025-11-20 16:02:54 - app - INFO - CyberGuard Pro application started
2025-11-20 16:03:26 - app - INFO - User logged in: admin
2025-11-20 16:40:52 - app - INFO - Real-Time Protection initialized
2025-11-20 16:40:52 - app - INFO - Database initialized successfully
2025-11-20 16:40:52 - app - INFO - CyberGuard Pro application started
2025-11-20 16:41:12 - app - INFO - User logged in: admin
2025-11-20 16:41:25 - app - INFO - Real-Time Protection initialized
2025-11-20 16:41:25 - app - INFO - Database initialized successfully
2025-11-20 16:41:25 - app - INFO - CyberGuard Pro application started
2025-11-20 16:41:34 - app - INFO - User logged in: admin
2025-11-20 16:43:22 - app - INFO - Real-Time Protection initialized
2025-11-20 16:43:22 - app - INFO - Database initialized successfully
2025-11-20 16:43:22 - app - INFO - CyberGuard Pro application started
2025-11-20 16:44:07 - app - INFO - User logged in: admin
2025-11-20 16:49:16 - app - INFO - Real-Time Protection initialized
2025-11-20 16:49:16 - app - INFO - Database initialized successfully
2025-11-20 16:49:16 - app - INFO - CyberGuard Pro application started
2025-11-20 16:49:32 - app - INFO - User logged in: admin
2025-11-20 16:54:54 - app - INFO - Real-Time Protection initialized
2025-11-20 16:54:54 - app - INFO - Database initialized successfully
2025-11-20 16:54:54 - app - INFO - CyberGuard Pro application started
2025-11-20 16:55:07 - app - INFO - User logged in: admin
2025-11-20 16:55:20 - app - INFO - Real-Time Protection initialized
2025-11-20 16:55:20 - app - INFO - Database initialized successfully
2025-11-20 16:55:20 - app - INFO - CyberGuard Pro application started
2025-11-20 16:55:27 - app - INFO - User logged in: admin
2025-11-20 16:58:27 - app - INFO - Real-Time Protection initialized
2025-11-20 16:58:27 - app - INFO - Database initialized successfully
2025-11-20 16:58:27 - app - INFO - CyberGuard Pro application started
2025-11-20 16:58:37 - app - INFO - User logged in: admin
2025-11-21 00:59:42 - app - INFO - Real-Time Protection initialized
2025-11-21 00:59:42 - app - INFO - Database initialized successfully
2025-11-21 00:59:42 - app - INFO - CyberGuard Pro application started
2025-11-21 00:59:58 - app - INFO - User logged in: admin
2025-11-21 01:09:43 - app - INFO - Real-Time Protection initialized
2025-11-21 01:09:43 - app - INFO - Database initialized successfully
2025-11-21 01:09:43 - app - INFO - CyberGuard Pro application started
2025-11-21 01:09:52 - app - INFO - User logged in: admin
2025-11-21 01:36:20 - app - INFO - Real-Time Protection initialized
2025-11-21 01:36:20 - app - INFO - Database initialized successfully
2025-11-21 01:36:20 - app - INFO - CyberGuard Pro application started
2025-11-21 01:36:42 - app - INFO - User logged in: admin
2025-11-21 01:39:02 - app - INFO - Real-Time Protection initialized
2025-11-21 01:39:02 - app - INFO - Database initialized successfully
2025-11-21 01:39:02 - app - INFO - CyberGuard Pro application started
2025-11-21 01:39:08 - app - INFO - User logged in: admin
2025-11-21 01:39:45 - app - INFO - Real-Time Protection initialized
2025-11-21 01:39:45 - app - INFO - Database initialized successfully
2025-11-21 01:39:45 - app - INFO - CyberGuard Pro application started
2025-11-21 01:39:57 - app - INFO - User logged in: admin
2025-11-21 01:54:15 - app - INFO - Real-Time Protection initialized
2025-11-21 01:54:15 - app - INFO - Database initialized successfully
2025-11-21 01:54:15 - app - INFO - CyberGuard Pro application started
2025-11-21 01:54:25 - app - INFO - User logged in: admin
2025-11-21 02:16:32 - app - INFO - Real-Time Protection initialized
2025-11-21 02:17:00 - app - INFO - Real-Time Protection initialized
2025-11-21 02:29:48 - app - INFO - Real-Time Protection initialized
2025-11-21 02:29:48 - app - INFO - Real-Time Protection started
2025-11-21 02:30:21 - app - INFO - Real-Time Protection stopped. Scans: 10, Threats: 3
2025-11-21 02:31:41 - app - INFO - Real-Time Protection initialized
2025-11-21 02:31:41 - app - INFO - Database initialized successfully
2025-11-21 02:31:41 - app - INFO - CyberGuard Pro application started
2025-11-21 02:31:51 - app - INFO - User logged in: admin
2025-11-21 02:36:40 - app - INFO - Real-Time Protection initialized
2025-11-21 02:36:40 - app - INFO - Database initialized successfully
2025-11-21 02:36:40 - app - INFO - CyberGuard Pro application started
2025-11-21 02:36:47 - app - INFO - User logged in: admin
2025-11-21 02:37:24 - app - INFO - Real-Time Protection initialized
2025-11-21 02:37:24 - app - INFO - Database initialized successfully
2025-11-21 02:37:24 - app - INFO - CyberGuard Pro application started
2025-11-21 02:37:28 - app - INFO - User logged in: admin
2025-11-21 02:37:41 - app - INFO - Real-Time Protection started
2025-11-21 02:39:17 - app - INFO - Real-Time Protection stopped. Scans: 32, Threats: 2
2025-11-21 02:40:03 - app - INFO - Real-Time Protection started
2025-11-21 02:41:58 - app - INFO - Real-Time Protection stopped. Scans: 55, Threats: 2
2025-11-21 02:46:27 - app - INFO - Real-Time Protection initialized
2025-11-21 02:46:27 - app - INFO - Database initialized successfully
2025-11-21 02:46:27 - app - INFO - CyberGuard Pro application started
2025-11-21 02:46:42 - app - INFO - User logged in: admin
2025-11-21 02:46:44 - app - INFO - Real-Time Protection started
2025-11-21 02:47:41 - app - INFO - Real-Time Protection stopped. Scans: 19, Threats: 1
2025-11-21 15:26:42 - app - INFO - Real-Time Protection initialized
2025-11-21 15:26:42 - app - INFO - Database initialized successfully
2025-11-21 15:26:42 - app - INFO - CyberGuard Pro application started
2025-11-21 15:26:46 - app - INFO - User logged in: admin
2025-11-21 15:28:04 - app - INFO - Real-Time Protection started
2025-11-21 15:28:46 - app - INFO - Real-Time Protection stopped. Scans: 14, Threats: 1
2025-11-21 15:29:03 - app - INFO - Real-Time Protection started
2025-11-21 15:31:12 - app - INFO - Real-Time Protection stopped. Scans: 57, Threats: 2
2025-11-21 15:32:13 - app - INFO - Real-Time Protection initialized
2025-11-21 15:32:13 - app - INFO - Database initialized successfully
2025-11-21 15:32:13 - app - INFO - CyberGuard Pro application started
2025-11-21 15:32:31 - app - INFO - User logged in: admin
2025-11-21 15:32:49 - app - INFO - Real-Time Protection started
2025-11-21 15:37:07 - app - INFO - Real-Time Protection stopped. Scans: 86, Threats: 8
2025-11-21 15:37:10 - app - INFO - Real-Time Protection started
2025-11-21 15:38:40 - app - INFO - Real-Time Protection stopped. Scans: 116, Threats: 8
2025-11-21 15:43:15 - app - INFO - Real-Time Protection initialized
2025-11-21 15:43:15 - app - INFO - Database initialized successfully
2025-11-21 15:43:15 - app - INFO - CyberGuard Pro application started
2025-11-21 15:43:26 - app - INFO - User logged in: admin
2025-11-21 15:43:44 - app - INFO - Real-Time Protection initialized
2025-11-21 15:43:44 - app - INFO - Database initialized successfully
2025-11-21 15:43:44 - app - INFO - CyberGuard Pro application started
2025-11-21 15:43:51 - app - INFO - User logged in: admin
2025-11-21 15:44:03 - app - INFO - Real-Time Protection started
2025-11-21 15:44:33 - app - INFO - Real-Time Protection stopped. Scans: 10, Threats: 4
2025-11-21 15:51:43 - app - INFO - Real-Time Protection initialized
2025-11-21 16:35:38 - app - INFO - Real-Time Protection initialized
2025-11-21 16:35:39 - app - INFO - Database initialized successfully
2025-11-21 16:35:39 - app - INFO - CyberGuard Pro application started
2025-11-21 16:35:44 - app - INFO - User logged in: admin
2025-11-21 16:35:57 - app - ERROR - pytesseract module not available for Real-Time Protection
2025-11-21 16:37:58 - app - INFO - Real-Time Protection initialized
2025-11-21 16:37:58 - app - INFO - Database initialized successfully
2025-11-21 16:37:58 - app - INFO - CyberGuard Pro application started
2025-11-21 16:38:29 - app - INFO - User logged in: admin
2025-11-21 16:38:53 - app - ERROR - Tesseract OCR executable not found: tesseract is not installed or it's not in your PATH. See README file for more information.
2025-11-21 16:38:53 - app - ERROR - Install Tesseract OCR from: https://github.com/UB-Mannheim/tesseract/wiki
2025-11-21 16:39:48 - app - INFO - Real-Time Protection initialized
2025-11-21 16:39:48 - app - INFO - Database initialized successfully
2025-11-21 16:39:48 - app - INFO - CyberGuard Pro application started
2025-11-21 16:39:54 - app - INFO - User logged in: admin
2025-11-21 16:39:55 - app - ERROR - Tesseract OCR executable not found: tesseract is not installed or it's not in your PATH. See README file for more information.
2025-11-21 16:39:55 - app - ERROR - Install Tesseract OCR from: https://github.com/UB-Mannheim/tesseract/wiki
2025-11-21 16:40:07 - app - ERROR - Tesseract OCR executable not found: tesseract is not installed or it's not in your PATH. See README file for more information.
2025-11-21 16:40:07 - app - ERROR - Install Tesseract OCR from: https://github.com/UB-Mannheim/tesseract/wiki
2025-11-21 16:42:08 - app - INFO - Real-Time Protection initialized
2025-11-21 16:42:08 - app - INFO - Database initialized successfully
2025-11-21 16:42:08 - app - INFO - CyberGuard Pro application started
2025-11-21 16:45:29 - app - INFO - User logged in: admin
2025-11-21 16:45:46 - app - INFO - Real-Time Protection started
2025-11-21 16:53:22 - app - INFO - Real-Time Protection stopped. Scans: 148, Threats: 4
2025-11-21 16:53:26 - app - INFO - Real-Time Protection started
2025-11-21 16:56:40 - app - INFO - Real-Time Protection initialized
2025-11-21 16:56:40 - app - INFO - Real-Time Protection initialized
2025-11-21 16:57:41 - app - INFO - Real-Time Protection stopped. Scans: 230, Threats: 6
2025-11-21 16:58:01 - app - INFO - Real-Time Protection initialized
2025-11-21 16:58:01 - app - INFO - Database initialized successfully
2025-11-21 16:58:01 - app - INFO - CyberGuard Pro application started
2025-11-21 16:58:05 - app - INFO - User logged in: admin
2025-11-21 16:58:08 - app - ERROR - pytesseract module not available for Real-Time Protection
2025-11-21 16:58:12 - app - ERROR - pytesseract module not available for Real-Time Protection
2025-11-21 16:58:42 - app - INFO - Real-Time Protection initialized
2025-11-21 16:58:42 - app - INFO - Database initialized successfully
2025-11-21 16:58:42 - app - INFO - CyberGuard Pro application started
2025-11-21 16:58:47 - app - INFO - User logged in: admin
2025-11-21 16:58:58 - app - INFO - Real-Time Protection started
2025-11-21 16:59:50 - app - INFO - Real-Time Protection stopped. Scans: 16, Threats: 3
2025-11-21 17:30:51 - app - INFO - Real-Time Protection initialized
2025-11-21 17:30:51 - app - INFO - Database initialized successfully
2025-11-21 17:30:51 - app - INFO - CyberGuard Pro application started
2025-11-21 17:30:57 - app - INFO - User logged in: admin
2025-11-21 23:23:18 - app - INFO - Real-Time Protection initialized
2025-11-21 23:27:50 - app - INFO - Real-Time Protection initialized
2025-11-21 23:27:52 - app - INFO - Real-Time Protection started
2025-11-21 23:28:38 - app - INFO - Real-Time Protection started
2025-11-21 23:35:54 - app - INFO - Real-Time Protection initialized
2025-11-21 23:36:04 - app - INFO - Real-Time Protection started
2025-11-21 23:36:06 - app - WARNING - Real-Time Protection already active
2025-11-21 23:36:11 - app - WARNING - Real-Time Protection already active
2025-11-21 23:36:12 - app - WARNING - Real-Time Protection already active
2025-11-21 23:36:12 - app - WARNING - Real-Time Protection already active
2025-11-21 23:36:12 - app - WARNING - Real-Time Protection already active
2025-11-21 23:36:12 - app - WARNING - Real-Time Protection already active
2025-11-21 23:36:12 - app - WARNING - Real-Time Protection already active
2025-11-21 23:36:13 - app - WARNING - Real-Time Protection already active
2025-11-21 23:36:13 - app - WARNING - Real-Time Protection already active
2025-11-21 23:36:14 - app - WARNING - Real-Time Protection already active
2025-11-21 23:36:31 - app - WARNING - Real-Time Protection already active
2025-11-21 23:40:35 - app - INFO - Real-Time Protection initialized
2025-11-21 23:40:39 - app - INFO - Real-Time Protection started
2025-11-21 23:40:40 - app - WARNING - Real-Time Protection already active
2025-11-21 23:40:40 - app - WARNING - Real-Time Protection already active
2025-11-21 23:40:40 - app - WARNING - Real-Time Protection already active
2025-11-21 23:40:41 - app - WARNING - Real-Time Protection already active
2025-11-21 23:40:41 - app - WARNING - Real-Time Protection already active
2025-11-21 23:40:43 - app - WARNING - Real-Time Protection already active
2025-11-21 23:41:07 - app - WARNING - Real-Time Protection already active
2025-11-21 23:41:09 - app - WARNING - Real-Time Protection already active
2025-11-21 23:41:52 - app - WARNING - Real-Time Protection already active
2025-11-21 23:42:03 - app - WARNING - Real-Time Protection already active
2025-11-21 23:42:34 - app - WARNING - Real-Time Protection already active
2025-11-21 23:44:10 - app - ERROR - OCR extraction error: (3221225477, 'Estimating resolution as 147 ObjectCache(00007ffe99776600)::~ObjectCache(): WARNING! LEAK! object 000002130f6d3a10 still has count 1 (id C:\\Program Files\\Tesseract-OCR/tessdata/eng.traineddatalstm-punc-dawg) ObjectCache(00007ffe99776600)::~ObjectCache(): WARNING! LEAK! object 000002130f6ef690 still has count 1 (id C:\\Program Files\\Tesseract-OCR/tessdata/eng.traineddatalstm-word-dawg) ObjectCache(00007ffe99776600)::~ObjectCache(): WARNING! LEAK! object 000002130f6ef620 still has count 1 (id C:\\Program Files\\Tesseract-OCR/tessdata/eng.traineddatalstm-number-dawg)')
2025-11-21 23:44:11 - app - INFO - Real-Time Protection initialized
2025-11-21 23:44:15 - app - ERROR - Screen capture error: screen grab failed
2025-11-21 23:46:03 - app - INFO - Real-Time Protection started
2025-11-22 10:29:42 - app - INFO - Real-Time Protection initialized
2025-11-22 10:30:47 - app - INFO - Real-Time Protection started
2025-11-22 10:31:59 - app - INFO - Real-Time Protection stopped. Scans: 24, Threats: 3
2025-11-22 10:32:02 - app - INFO - Real-Time Protection started
2025-11-22 10:32:05 - app - INFO - Real-Time Protection stopped. Scans: 25, Threats: 3
2025-11-22 10:33:48 - app - INFO - Real-Time Protection initialized
2025-11-22 10:34:34 - app - INFO - Real-Time Protection initialized
2025-11-22 10:34:41 - app - INFO - Real-Time Protection started
2025-11-22 10:35:44 - app - INFO - Real-Time Protection stopped. Scans: 21, Threats: 2
2025-11-22 10:35:48 - app - INFO - Real-Time Protection started
2025-11-22 10:37:28 - app - INFO - Real-Time Protection stopped. Scans: 53, Threats: 5
2025-11-22 10:39:23 - app - INFO - Real-Time Protection initialized
2025-11-22 10:40:17 - app - INFO - Real-Time Protection initialized
2025-11-22 10:40:21 - app - INFO - Real-Time Protection started
2025-11-22 10:41:18 - app - INFO - Real-Time Protection stopped. Scans: 19, Threats: 2
2025-11-22 10:41:43 - app - INFO - Real-Time Protection started
2025-11-22 10:42:58 - app - INFO - Real-Time Protection stopped. Scans: 43, Threats: 4
2025-11-22 10:46:24 - app - INFO - Real-Time Protection initialized
2025-11-22 10:47:02 - app - INFO - Real-Time Protection started
2025-11-22 10:48:08 - app - INFO - Real-Time Protection stopped. Scans: 21, Threats: 2
2025-11-22 10:48:21 - app - INFO - Real-Time Protection initialized
2025-11-22 10:48:29 - app - INFO - Real-Time Protection started
2025-11-22 10:48:59 - app - INFO - Real-Time Protection stopped. Scans: 10, Threats: 3
2025-11-22 10:50:09 - app - INFO - Real-Time Protection initialized
2025-11-22 10:51:01 - app - INFO - Real-Time Protection started
2025-11-22 10:51:34 - app - INFO - Real-Time Protection stopped. Scans: 11, Threats: 4
2025-11-22 10:51:36 - app - INFO - Real-Time Protection started
2025-11-22 10:52:03 - app - INFO - Real-Time Protection stopped. Scans: 20, Threats: 5
2025-11-22 10:52:31 - app - INFO - Real-Time Protection initialized
2025-11-22 10:53:05 - app - INFO - Real-Time Protection initialized
2025-11-22 10:53:09 - app - INFO - Real-Time Protection started
2025-11-22 10:55:09 - app - INFO - Real-Time Protection initialized
2025-11-22 10:55:36 - app - INFO - Real-Time Protection started
2025-11-22 10:56:09 - app - INFO - Real-Time Protection stopped. Scans: 11, Threats: 8
2025-11-22 10:58:06 - app - INFO - Real-Time Protection initialized
2025-11-22 10:58:30 - app - INFO - Real-Time Protection started
2025-11-22 10:59:18 - app - INFO - Real-Time Protection stopped. Scans: 16, Threats: 3
2025-11-22 11:01:47 - app - INFO - Real-Time Protection initialized
2025-11-22 11:03:30 - app - INFO - Real-Time Protection started
2025-11-22 11:03:54 - app - INFO - Real-Time Protection stopped. Scans: 8, Threats: 2
2025-11-22 11:05:08 - app - INFO - Real-Time Protection initialized
2025-11-22 11:05:17 - app - INFO - Real-Time Protection started
2025-11-22 11:05:35 - app - INFO - Real-Time Protection stopped. Scans: 6, Threats: 1
2025-11-22 11:05:40 - app - INFO - Real-Time Protection started
2025-11-22 11:06:07 - app - INFO - Real-Time Protection stopped. Scans: 15, Threats: 4
2025-11-22 11:07:35 - app - INFO - Real-Time Protection initialized
2025-11-22 11:07:40 - app - INFO - Real-Time Protection started
2025-11-22 11:07:58 - app - INFO - Real-Time Protection stopped. Scans: 6, Threats: 2
2025-11-22 11:08:07 - app - INFO - Real-Time Protection started
2025-11-22 11:08:34 - app - INFO - Real-Time Protection stopped. Scans: 15, Threats: 2
2025-11-22 11:10:10 - app - INFO - Real-Time Protection initialized
2025-11-22 11:10:42 - app - INFO - Real-Time Protection initialized
2025-11-22 11:10:52 - app - INFO - Real-Time Protection started
2025-11-22 11:11:28 - app - INFO - Real-Time Protection stopped. Scans: 12, Threats: 2
2025-11-22 11:11:45 - app - INFO - Real-Time Protection initialized
2025-11-22 11:11:53 - app - ERROR - Screen scan error: 'RealTimeProtection' object has no attribute '_capture_screen'
Traceback (most recent call last):
  File "C:\xampp\htdocs\CGP-2\core\realtime_protection.py", line 282, in _perform_screen_scan
    screenshot = self._capture_screen()
                 ^^^^^^^^^^^^^^^^^^^^
AttributeError: 'RealTimeProtection' object has no attribute '_capture_screen'
2025-11-22 11:11:53 - app - INFO - Real-Time Protection started
2025-11-22 11:11:56 - app - ERROR - Screen scan error: 'RealTimeProtection' object has no attribute '_capture_screen'
Traceback (most recent call last):
  File "C:\xampp\htdocs\CGP-2\core\realtime_protection.py", line 282, in _perform_screen_scan
    screenshot = self._capture_screen()
                 ^^^^^^^^^^^^^^^^^^^^
AttributeError: 'RealTimeProtection' object has no attribute '_capture_screen'
2025-11-22 11:11:59 - app - ERROR - Screen scan error: 'RealTimeProtection' object has no attribute '_capture_screen'
Traceback (most recent call last):
  File "C:\xampp\htdocs\CGP-2\core\realtime_protection.py", line 282, in _perform_screen_scan
    screenshot = self._capture_screen()
                 ^^^^^^^^^^^^^^^^^^^^
AttributeError: 'RealTimeProtection' object has no attribute '_capture_screen'
2025-11-22 11:12:02 - app - ERROR - Screen scan error: 'RealTimeProtection' object has no attribute '_capture_screen'
Traceback (most recent call last):
  File "C:\xampp\htdocs\CGP-2\core\realtime_protection.py", line 282, in _perform_screen_scan
    screenshot = self._capture_screen()
                 ^^^^^^^^^^^^^^^^^^^^
AttributeError: 'RealTimeProtection' object has no attribute '_capture_screen'
2025-11-22 11:12:05 - app - ERROR - Screen scan error: 'RealTimeProtection' object has no attribute '_capture_screen'
Traceback (most recent call last):
  File "C:\xampp\htdocs\CGP-2\core\realtime_protection.py", line 282, in _perform_screen_scan
    screenshot = self._capture_screen()
                 ^^^^^^^^^^^^^^^^^^^^
AttributeError: 'RealTimeProtection' object has no attribute '_capture_screen'
2025-11-22 11:12:08 - app - INFO - Real-Time Protection stopped. Scans: 0, Threats: 0
2025-11-22 11:12:22 - app - INFO - Real-Time Protection initialized
2025-11-22 11:13:08 - app - INFO - Real-Time Protection started
2025-11-22 11:13:32 - app - INFO - Real-Time Protection stopped. Scans: 8, Threats: 2
2025-11-22 11:13:37 - app - INFO - Real-Time Protection initialized
2025-11-22 11:13:37 - app - INFO - Real-Time Protection started
2025-11-22 11:14:04 - app - INFO - Real-Time Protection stopped. Scans: 9, Threats: 1
2025-11-22 11:14:08 - app - INFO - Real-Time Protection initialized
2025-11-22 11:14:08 - app - INFO - Real-Time Protection started
2025-11-22 11:14:47 - app - INFO - Real-Time Protection stopped. Scans: 13, Threats: 4
2025-11-22 11:15:27 - app - INFO - Real-Time Protection initialized
2025-11-22 11:16:09 - app - ERROR - Screen scan error: 'RealTimeProtection' object has no attribute '_capture_screen'
Traceback (most recent call last):
  File "C:\xampp\htdocs\CGP-2\core\realtime_protection.py", line 288, in _perform_screen_scan
    screenshot = self._capture_screen()
                 ^^^^^^^^^^^^^^^^^^^^
AttributeError: 'RealTimeProtection' object has no attribute '_capture_screen'
2025-11-22 11:16:09 - app - INFO - Real-Time Protection started
2025-11-22 11:16:12 - app - ERROR - Screen scan error: 'RealTimeProtection' object has no attribute '_capture_screen'
Traceback (most recent call last):
  File "C:\xampp\htdocs\CGP-2\core\realtime_protection.py", line 288, in _perform_screen_scan
    screenshot = self._capture_screen()
                 ^^^^^^^^^^^^^^^^^^^^
AttributeError: 'RealTimeProtection' object has no attribute '_capture_screen'
2025-11-22 11:16:15 - app - ERROR - Screen scan error: 'RealTimeProtection' object has no attribute '_capture_screen'
Traceback (most recent call last):
  File "C:\xampp\htdocs\CGP-2\core\realtime_protection.py", line 288, in _perform_screen_scan
    screenshot = self._capture_screen()
                 ^^^^^^^^^^^^^^^^^^^^
AttributeError: 'RealTimeProtection' object has no attribute '_capture_screen'
2025-11-22 11:16:18 - app - ERROR - Screen scan error: 'RealTimeProtection' object has no attribute '_capture_screen'
Traceback (most recent call last):
  File "C:\xampp\htdocs\CGP-2\core\realtime_protection.py", line 288, in _perform_screen_scan
    screenshot = self._capture_screen()
                 ^^^^^^^^^^^^^^^^^^^^
AttributeError: 'RealTimeProtection' object has no attribute '_capture_screen'
2025-11-22 11:16:21 - app - ERROR - Screen scan error: 'RealTimeProtection' object has no attribute '_capture_screen'
Traceback (most recent call last):
  File "C:\xampp\htdocs\CGP-2\core\realtime_protection.py", line 288, in _perform_screen_scan
    screenshot = self._capture_screen()
                 ^^^^^^^^^^^^^^^^^^^^
AttributeError: 'RealTimeProtection' object has no attribute '_capture_screen'
2025-11-22 11:16:24 - app - ERROR - Screen scan error: 'RealTimeProtection' object has no attribute '_capture_screen'
Traceback (most recent call last):
  File "C:\xampp\htdocs\CGP-2\core\realtime_protection.py", line 288, in _perform_screen_scan
    screenshot = self._capture_screen()
                 ^^^^^^^^^^^^^^^^^^^^
AttributeError: 'RealTimeProtection' object has no attribute '_capture_screen'
2025-11-22 11:16:27 - app - ERROR - Screen scan error: 'RealTimeProtection' object has no attribute '_capture_screen'
Traceback (most recent call last):
  File "C:\xampp\htdocs\CGP-2\core\realtime_protection.py", line 288, in _perform_screen_scan
    screenshot = self._capture_screen()
                 ^^^^^^^^^^^^^^^^^^^^
AttributeError: 'RealTimeProtection' object has no attribute '_capture_screen'
2025-11-22 11:16:30 - app - ERROR - Screen scan error: 'RealTimeProtection' object has no attribute '_capture_screen'
Traceback (most recent call last):
  File "C:\xampp\htdocs\CGP-2\core\realtime_protection.py", line 288, in _perform_screen_scan
    screenshot = self._capture_screen()
                 ^^^^^^^^^^^^^^^^^^^^
AttributeError: 'RealTimeProtection' object has no attribute '_capture_screen'
2025-11-22 11:16:33 - app - ERROR - Screen scan error: 'RealTimeProtection' object has no attribute '_capture_screen'
Traceback (most recent call last):
  File "C:\xampp\htdocs\CGP-2\core\realtime_protection.py", line 288, in _perform_screen_scan
    screenshot = self._capture_screen()
                 ^^^^^^^^^^^^^^^^^^^^
AttributeError: 'RealTimeProtection' object has no attribute '_capture_screen'
2025-11-22 11:16:36 - app - ERROR - Screen scan error: 'RealTimeProtection' object has no attribute '_capture_screen'
Traceback (most recent call last):
  File "C:\xampp\htdocs\CGP-2\core\realtime_protection.py", line 288, in _perform_screen_scan
    screenshot = self._capture_screen()
                 ^^^^^^^^^^^^^^^^^^^^
AttributeError: 'RealTimeProtection' object has no attribute '_capture_screen'
2025-11-22 11:16:39 - app - ERROR - Screen scan error: 'RealTimeProtection' object has no attribute '_capture_screen'
Traceback (most recent call last):
  File "C:\xampp\htdocs\CGP-2\core\realtime_protection.py", line 288, in _perform_screen_scan
    screenshot = self._capture_screen()
                 ^^^^^^^^^^^^^^^^^^^^
AttributeError: 'RealTimeProtection' object has no attribute '_capture_screen'
2025-11-22 11:16:42 - app - ERROR - Screen scan error: 'RealTimeProtection' object has no attribute '_capture_screen'
Traceback (most recent call last):
  File "C:\xampp\htdocs\CGP-2\core\realtime_protection.py", line 288, in _perform_screen_scan
    screenshot = self._capture_screen()
                 ^^^^^^^^^^^^^^^^^^^^
AttributeError: 'RealTimeProtection' object has no attribute '_capture_screen'
2025-11-22 11:16:45 - app - ERROR - Screen scan error: 'RealTimeProtection' object has no attribute '_capture_screen'
Traceback (most recent call last):
  File "C:\xampp\htdocs\CGP-2\core\realtime_protection.py", line 288, in _perform_screen_scan
    screenshot = self._capture_screen()
                 ^^^^^^^^^^^^^^^^^^^^
AttributeError: 'RealTimeProtection' object has no attribute '_capture_screen'
2025-11-22 11:16:48 - app - INFO - Real-Time Protection stopped. Scans: 0, Threats: 0
2025-11-22 11:16:50 - app - ERROR - Screen scan error: 'RealTimeProtection' object has no attribute '_capture_screen'
Traceback (most recent call last):
  File "C:\xampp\htdocs\CGP-2\core\realtime_protection.py", line 288, in _perform_screen_scan
    screenshot = self._capture_screen()
                 ^^^^^^^^^^^^^^^^^^^^
AttributeError: 'RealTimeProtection' object has no attribute '_capture_screen'
2025-11-22 11:16:50 - app - INFO - Real-Time Protection started
2025-11-22 11:16:53 - app - ERROR - Screen scan error: 'RealTimeProtection' object has no attribute '_capture_screen'
Traceback (most recent call last):
  File "C:\xampp\htdocs\CGP-2\core\realtime_protection.py", line 288, in _perform_screen_scan
    screenshot = self._capture_screen()
                 ^^^^^^^^^^^^^^^^^^^^
AttributeError: 'RealTimeProtection' object has no attribute '_capture_screen'
2025-11-22 11:17:20 - app - INFO - Real-Time Protection initialized
2025-11-22 11:17:25 - app - ERROR - Screen scan error: 'RealTimeProtection' object has no attribute '_capture_screen'
Traceback (most recent call last):
  File "C:\xampp\htdocs\CGP-2\core\realtime_protection.py", line 288, in _perform_screen_scan
    screenshot = self._capture_screen()
                 ^^^^^^^^^^^^^^^^^^^^
AttributeError: 'RealTimeProtection' object has no attribute '_capture_screen'
2025-11-22 11:17:25 - app - INFO - Real-Time Protection started
2025-11-22 11:17:28 - app - ERROR - Screen scan error: 'RealTimeProtection' object has no attribute '_capture_screen'
Traceback (most recent call last):
  File "C:\xampp\htdocs\CGP-2\core\realtime_protection.py", line 288, in _perform_screen_scan
    screenshot = self._capture_screen()
                 ^^^^^^^^^^^^^^^^^^^^
AttributeError: 'RealTimeProtection' object has no attribute '_capture_screen'
2025-11-22 11:17:31 - app - ERROR - Screen scan error: 'RealTimeProtection' object has no attribute '_capture_screen'
Traceback (most recent call last):
  File "C:\xampp\htdocs\CGP-2\core\realtime_protection.py", line 288, in _perform_screen_scan
    screenshot = self._capture_screen()
                 ^^^^^^^^^^^^^^^^^^^^
AttributeError: 'RealTimeProtection' object has no attribute '_capture_screen'
2025-11-22 11:17:34 - app - ERROR - Screen scan error: 'RealTimeProtection' object has no attribute '_capture_screen'
Traceback (most recent call last):
  File "C:\xampp\htdocs\CGP-2\core\realtime_protection.py", line 288, in _perform_screen_scan
    screenshot = self._capture_screen()
                 ^^^^^^^^^^^^^^^^^^^^
AttributeError: 'RealTimeProtection' object has no attribute '_capture_screen'
2025-11-22 11:17:37 - app - INFO - Real-Time Protection stopped. Scans: 0, Threats: 0
2025-11-22 11:18:37 - app - INFO - Real-Time Protection initialized
2025-11-22 11:18:37 - app - ERROR - Screen scan error: 'RealTimeProtection' object has no attribute '_capture_screen'
Traceback (most recent call last):
  File "C:\xampp\htdocs\CGP-2\core\realtime_protection.py", line 288, in _perform_screen_scan
    screenshot = self._capture_screen()
                 ^^^^^^^^^^^^^^^^^^^^
AttributeError: 'RealTimeProtection' object has no attribute '_capture_screen'
2025-11-22 11:18:37 - app - INFO - Real-Time Protection started
2025-11-22 11:19:01 - app - INFO - Real-Time Protection initialized
2025-11-22 11:19:01 - app - INFO - Real-Time Protection started
2025-11-22 11:19:52 - app - INFO - Real-Time Protection initialized
2025-11-22 11:19:57 - app - INFO - Real-Time Protection started
2025-11-22 11:20:33 - app - INFO - Real-Time Protection stopped. Scans: 12, Threats: 3
2025-11-22 11:20:35 - app - INFO - Real-Time Protection started
2025-11-22 11:22:23 - app - INFO - Real-Time Protection initialized
2025-11-22 11:23:12 - app - INFO - Real-Time Protection started
2025-11-22 11:23:23 - app - INFO - Real-Time Protection initialized
2025-11-22 11:24:00 - app - INFO - Real-Time Protection stopped. Scans: 16, Threats: 2
2025-11-22 11:26:01 - app - INFO - Real-Time Protection initialized
2025-11-22 11:26:17 - app - INFO - Real-Time Protection initialized
2025-11-22 11:26:20 - app - INFO - Real-Time Protection started
2025-11-22 11:26:56 - app - INFO - Real-Time Protection stopped. Scans: 12, Threats: 4
2025-11-22 11:27:59 - app - INFO - Real-Time Protection initialized
2025-11-22 11:28:25 - app - INFO - Real-Time Protection initialized
2025-11-22 11:29:03 - app - INFO - Real-Time Protection initialized
2025-11-22 11:29:10 - app - INFO - Real-Time Protection started
2025-11-22 11:30:23 - app - INFO - Real-Time Protection stopped. Scans: 24, Threats: 6
2025-11-22 11:56:50 - app - INFO - Real-Time Protection started
2025-11-22 11:57:33 - app - INFO - Real-Time Protection stopped. Scans: 38, Threats: 8
2025-11-22 12:19:04 - app - INFO - Real-Time Protection started
2025-11-22 12:19:28 - app - INFO - Real-Time Protection initialized
2025-11-22 12:19:34 - app - INFO - Real-Time Protection started
2025-11-22 12:20:07 - app - INFO - Real-Time Protection stopped. Scans: 11, Threats: 4
2025-11-22 12:29:55 - app - INFO - Real-Time Protection initialized
2025-11-22 12:30:01 - app - INFO - Real-Time Protection started
2025-11-22 12:30:28 - app - INFO - Real-Time Protection stopped. Scans: 9, Threats: 2
2025-11-22 12:38:22 - app - INFO - Real-Time Protection initialized
2025-11-22 12:38:26 - app - INFO - Real-Time Protection started
2025-11-22 12:39:11 - app - INFO - Real-Time Protection stopped. Scans: 15, Threats: 4
2025-11-22 12:50:49 - app - INFO - Real-Time Protection initialized
2025-11-22 12:51:32 - app - INFO - Real-Time Protection initialized
2025-11-22 12:51:36 - app - INFO - Real-Time Protection started
2025-11-22 12:51:53 - app - INFO - Real-Time Protection started
2025-11-22 12:52:35 - app - INFO - Real-Time Protection stopped. Scans: 14, Threats: 1
2025-11-22 13:05:48 - app - INFO - Real-Time Protection initialized
2025-11-22 13:05:52 - app - INFO - Real-Time Protection started
2025-11-22 13:06:44 - app - INFO - Real-Time Protection stopped. Scans: 17, Threats: 2
